# JRE version: Java(TM) SE Runtime Environment (8.0_241-b07) (build 1.8.0_241-b07)
# Java VM: Java HotSpot(TM) 64-Bit Server VM (25.241-b07 mixed mode linux-amd64 compressed oops)
Heap:
 PSYoungGen      total 209920K, used 14054K [0x0000000718600000, 0x0000000728e00000, 0x00000007c0000000)
  eden space 188416K, 7% used [0x0000000718600000,0x00000007193b9978,0x0000000723e00000)
  from space 21504K, 0% used [0x0000000723e00000,0x0000000723e00000,0x0000000725300000)
  to   space 20992K, 0% used [0x0000000727980000,0x0000000727980000,0x0000000728e00000)
 ParOldGen       total 527872K, used 29522K [0x00000005c9200000, 0x00000005e9580000, 0x0000000718600000)
  object space 527872K, 5% used [0x00000005c9200000,0x00000005caed4818,0x00000005e9580000)
 Metaspace       used 56990K, capacity 59858K, committed 59992K, reserved 1101824K
  class space    used 7634K, capacity 8238K, committed 8280K, reserved 1048576K
GC Heap History (10 events):
Event: 2.009 GC heap before
{Heap before GC invocations=4 (full 1):
 PSYoungGen      total 150528K, used 45879K [0x0000000718600000, 0x0000000726800000, 0x00000007c0000000)
  eden space 129024K, 24% used [0x0000000718600000,0x000000071a5446f0,0x0000000720400000)
  from space 21504K, 64% used [0x0000000721900000,0x00000007226896e0,0x0000000722e00000)
  to   space 21504K, 0% used [0x0000000720400000,0x0000000720400000,0x0000000721900000)
 ParOldGen       total 232960K, used 10864K [0x00000005c9200000, 0x00000005d7580000, 0x0000000718600000)
  object space 232960K, 4% used [0x00000005c9200000,0x00000005c9c9c250,0x00000005d7580000)
 Metaspace       used 34043K, capacity 35346K, committed 35416K, reserved 1079296K
  class space    used 4581K, capacity 4897K, committed 4952K, reserved 1048576K
Event: 2.012 GC heap after
Heap after GC invocations=4 (full 1):
 PSYoungGen      total 150528K, used 8317K [0x0000000718600000, 0x0000000726e80000, 0x00000007c0000000)
  eden space 129024K, 0% used [0x0000000718600000,0x0000000718600000,0x0000000720400000)
  from space 21504K, 38% used [0x0000000720400000,0x0000000720c1f788,0x0000000721900000)
  to   space 21504K, 0% used [0x0000000725980000,0x0000000725980000,0x0000000726e80000)
 ParOldGen       total 232960K, used 10872K [0x00000005c9200000, 0x00000005d7580000, 0x0000000718600000)
  object space 232960K, 4% used [0x00000005c9200000,0x00000005c9c9e250,0x00000005d7580000)
 Metaspace       used 34043K, capacity 35346K, committed 35416K, reserved 1079296K
  class space    used 4581K, capacity 4897K, committed 4952K, reserved 1048576K
}
Event: 2.013 GC heap before
{Heap before GC invocations=5 (full 2):
 PSYoungGen      total 150528K, used 8317K [0x0000000718600000, 0x0000000726e80000, 0x00000007c0000000)
  eden space 129024K, 0% used [0x0000000718600000,0x0000000718600000,0x0000000720400000)
  from space 21504K, 38% used [0x0000000720400000,0x0000000720c1f788,0x0000000721900000)
  to   space 21504K, 0% used [0x0000000725980000,0x0000000725980000,0x0000000726e80000)
 ParOldGen       total 232960K, used 10872K [0x00000005c9200000, 0x00000005d7580000, 0x0000000718600000)
  object space 232960K, 4% used [0x00000005c9200000,0x00000005c9c9e250,0x00000005d7580000)
 Metaspace       used 34043K, capacity 35346K, committed 35416K, reserved 1079296K
  class space    used 4581K, capacity 4897K, committed 4952K, reserved 1048576K
Event: 2.032 GC heap after
Heap after GC invocations=5 (full 2):
 PSYoungGen      total 150528K, used 0K [0x0000000718600000, 0x0000000726e80000, 0x00000007c0000000)
  eden space 129024K, 0% used [0x0000000718600000,0x0000000718600000,0x0000000720400000)
  from space 21504K, 0% used [0x0000000720400000,0x0000000720400000,0x0000000721900000)
  to   space 21504K, 0% used [0x0000000725980000,0x0000000725980000,0x0000000726e80000)
 ParOldGen       total 377344K, used 14946K [0x00000005c9200000, 0x00000005e0280000, 0x0000000718600000)
  object space 377344K, 3% used [0x00000005c9200000,0x00000005ca098a48,0x00000005e0280000)
 Metaspace       used 34043K, capacity 35346K, committed 35416K, reserved 1079296K
  class space    used 4581K, capacity 4897K, committed 4952K, reserved 1048576K
}
Event: 2.670 GC heap before
{Heap before GC invocations=6 (full 2):
 PSYoungGen      total 150528K, used 129024K [0x0000000718600000, 0x0000000726e80000, 0x00000007c0000000)
  eden space 129024K, 100% used [0x0000000718600000,0x0000000720400000,0x0000000720400000)
  from space 21504K, 0% used [0x0000000720400000,0x0000000720400000,0x0000000721900000)
  to   space 21504K, 0% used [0x0000000725980000,0x0000000725980000,0x0000000726e80000)
 ParOldGen       total 377344K, used 14946K [0x00000005c9200000, 0x00000005e0280000, 0x0000000718600000)
  object space 377344K, 3% used [0x00000005c9200000,0x00000005ca098a48,0x00000005e0280000)
 Metaspace       used 45581K, capacity 47536K, committed 47960K, reserved 1091584K
  class space    used 5977K, capacity 6378K, committed 6488K, reserved 1048576K
Event: 2.676 GC heap after
Heap after GC invocations=6 (full 2):
 PSYoungGen      total 190464K, used 14608K [0x0000000718600000, 0x0000000726800000, 0x00000007c0000000)
  eden space 175616K, 0% used [0x0000000718600000,0x0000000718600000,0x0000000723180000)
  from space 14848K, 98% used [0x0000000725980000,0x00000007267c42f8,0x0000000726800000)
  to   space 21504K, 0% used [0x0000000723e00000,0x0000000723e00000,0x0000000725300000)
 ParOldGen       total 377344K, used 15018K [0x00000005c9200000, 0x00000005e0280000, 0x0000000718600000)
  object space 377344K, 3% used [0x00000005c9200000,0x00000005ca0aaa58,0x00000005e0280000)
 Metaspace       used 45581K, capacity 47536K, committed 47960K, reserved 1091584K
  class space    used 5977K, capacity 6378K, committed 6488K, reserved 1048576K
}
Event: 25.734 GC heap before
{Heap before GC invocations=7 (full 2):
 PSYoungGen      total 190464K, used 151343K [0x0000000718600000, 0x0000000726800000, 0x00000007c0000000)
  eden space 175616K, 77% used [0x0000000718600000,0x0000000720b879b0,0x0000000723180000)
  from space 14848K, 98% used [0x0000000725980000,0x00000007267c42f8,0x0000000726800000)
  to   space 21504K, 0% used [0x0000000723e00000,0x0000000723e00000,0x0000000725300000)
 ParOldGen       total 377344K, used 15018K [0x00000005c9200000, 0x00000005e0280000, 0x0000000718600000)
  object space 377344K, 3% used [0x00000005c9200000,0x00000005ca0aaa58,0x00000005e0280000)
 Metaspace       used 56073K, capacity 58784K, committed 58968K, reserved 1099776K
  class space    used 7525K, capacity 8155K, committed 8280K, reserved 1048576K
Event: 25.741 GC heap after
Heap after GC invocations=7 (full 2):
 PSYoungGen      total 209920K, used 19095K [0x0000000718600000, 0x0000000728e00000, 0x00000007c0000000)
  eden space 188416K, 0% used [0x0000000718600000,0x0000000718600000,0x0000000723e00000)
  from space 21504K, 88% used [0x0000000723e00000,0x00000007250a5cc8,0x0000000725300000)
  to   space 20992K, 0% used [0x0000000727980000,0x0000000727980000,0x0000000728e00000)
 ParOldGen       total 377344K, used 15026K [0x00000005c9200000, 0x00000005e0280000, 0x0000000718600000)
  object space 377344K, 3% used [0x00000005c9200000,0x00000005ca0aca58,0x00000005e0280000)
 Metaspace       used 56073K, capacity 58784K, committed 58968K, reserved 1099776K
  class space    used 7525K, capacity 8155K, committed 8280K, reserved 1048576K
}
Event: 25.741 GC heap before
{Heap before GC invocations=8 (full 3):
 PSYoungGen      total 209920K, used 19095K [0x0000000718600000, 0x0000000728e00000, 0x00000007c0000000)
  eden space 188416K, 0% used [0x0000000718600000,0x0000000718600000,0x0000000723e00000)
  from space 21504K, 88% used [0x0000000723e00000,0x00000007250a5cc8,0x0000000725300000)
  to   space 20992K, 0% used [0x0000000727980000,0x0000000727980000,0x0000000728e00000)
 ParOldGen       total 377344K, used 15026K [0x00000005c9200000, 0x00000005e0280000, 0x0000000718600000)
  object space 377344K, 3% used [0x00000005c9200000,0x00000005ca0aca58,0x00000005e0280000)
 Metaspace       used 56073K, capacity 58784K, committed 58968K, reserved 1099776K
  class space    used 7525K, capacity 8155K, committed 8280K, reserved 1048576K
Event: 25.797 GC heap after
Heap after GC invocations=8 (full 3):
 PSYoungGen      total 209920K, used 0K [0x0000000718600000, 0x0000000728e00000, 0x00000007c0000000)
  eden space 188416K, 0% used [0x0000000718600000,0x0000000718600000,0x0000000723e00000)
  from space 21504K, 0% used [0x0000000723e00000,0x0000000723e00000,0x0000000725300000)
  to   space 20992K, 0% used [0x0000000727980000,0x0000000727980000,0x0000000728e00000)
 ParOldGen       total 527872K, used 29522K [0x00000005c9200000, 0x00000005e9580000, 0x0000000718600000)
  object space 527872K, 5% used [0x00000005c9200000,0x00000005caed4818,0x00000005e9580000)
 Metaspace       used 56073K, capacity 58784K, committed 58968K, reserved 1099776K
  class space    used 7525K, capacity 8155K, committed 8280K, reserved 1048576K
}

